<?xml version="1.0" encoding="utf-8"?><testsuites name="pytest tests"><testsuite name="pytest" errors="0" failures="0" skipped="0" tests="8" time="20.373" timestamp="2026-04-25T07:30:25.536314+00:00" hostname="agent-env-8da73bf0-c2b3-40c0-8275-f3eb6a314ae5"><testcase classname="tests.test_pitchd_api.TestHealthEndpoint" name="test_health_returns_ok" time="0.169" /><testcase classname="tests.test_pitchd_api.TestAnalyseEndpointValidation" name="test_empty_text_returns_400" time="0.108" /><testcase classname="tests.test_pitchd_api.TestAnalyseEndpointValidation" name="test_whitespace_only_returns_400" time="0.099" /><testcase classname="tests.test_pitchd_api.TestAnalyseEndpointValidation" name="test_missing_text_field_returns_400" time="0.108" /><testcase classname="tests.test_pitchd_api.TestNewJSONStructure" name="test_script_mode_returns_new_fields" time="5.389" /><testcase classname="tests.test_pitchd_api.TestResponseCounts" name="test_returns_three_loglines" time="4.733" /><testcase classname="tests.test_pitchd_api.TestResponseCounts" name="test_returns_three_taglines" time="5.528" /><testcase classname="tests.test_pitchd_api.TestResponseCounts" name="test_returns_three_alt_titles" time="4.180" /></testsuite></testsuites>