<?xml version="1.0" encoding="utf-8"?><testsuites name="pytest tests"><testsuite name="pytest" errors="0" failures="0" skipped="0" tests="8" time="19.495" timestamp="2026-04-25T05:58:18.978858+00:00" hostname="agent-env-8da73bf0-c2b3-40c0-8275-f3eb6a314ae5"><testcase classname="backend.tests.test_pitchd_api.TestHealthEndpoint" name="test_health_returns_ok" time="0.193" /><testcase classname="backend.tests.test_pitchd_api.TestAnalyseEndpointValidation" name="test_empty_text_returns_400" time="0.142" /><testcase classname="backend.tests.test_pitchd_api.TestAnalyseEndpointValidation" name="test_whitespace_only_returns_400" time="0.113" /><testcase classname="backend.tests.test_pitchd_api.TestAnalyseEndpointValidation" name="test_missing_text_field_returns_400" time="0.151" /><testcase classname="backend.tests.test_pitchd_api.TestNewJSONStructure" name="test_script_mode_returns_new_fields" time="5.860" /><testcase classname="backend.tests.test_pitchd_api.TestResponseCounts" name="test_returns_three_loglines" time="5.076" /><testcase classname="backend.tests.test_pitchd_api.TestResponseCounts" name="test_returns_three_taglines" time="4.031" /><testcase classname="backend.tests.test_pitchd_api.TestResponseCounts" name="test_returns_three_alt_titles" time="3.666" /></testsuite></testsuites>