<?xml version="1.0" encoding="utf-8"?><testsuites name="pytest tests"><testsuite name="pytest" errors="0" failures="0" skipped="0" tests="8" time="25.786" timestamp="2026-04-24T10:31:43.371093+00:00" hostname="agent-env-8da73bf0-c2b3-40c0-8275-f3eb6a314ae5"><testcase classname="backend.tests.test_pitchd_api.TestHealthEndpoint" name="test_health_returns_ok" time="0.293" /><testcase classname="backend.tests.test_pitchd_api.TestAnalyseEndpointValidation" name="test_empty_text_returns_400" time="0.106" /><testcase classname="backend.tests.test_pitchd_api.TestAnalyseEndpointValidation" name="test_whitespace_only_returns_400" time="0.138" /><testcase classname="backend.tests.test_pitchd_api.TestAnalyseEndpointValidation" name="test_missing_text_field_returns_400" time="0.133" /><testcase classname="backend.tests.test_pitchd_api.TestConceptMode" name="test_concept_mode_returns_valid_json_structure" time="6.910" /><testcase classname="backend.tests.test_pitchd_api.TestScriptMode" name="test_script_mode_returns_valid_json_structure" time="5.233" /><testcase classname="backend.tests.test_pitchd_api.TestModeThreshold" name="test_999_chars_uses_concept_mode" time="6.231" /><testcase classname="backend.tests.test_pitchd_api.TestModeThreshold" name="test_1000_chars_uses_script_mode" time="6.527" /></testsuite></testsuites>